{"/Users/michaelcorrigan/Code/seed_app/src/routes/home/index.tsx": {"path":"/Users/michaelcorrigan/Code/seed_app/src/routes/home/index.tsx","statementMap":{"0":{"start":{"line":1,"column":0},"end":{"line":1,"column":25}},"1":{"start":{"line":2,"column":0},"end":{"line":2,"column":42}},"2":{"start":{"line":4,"column":16},"end":{"line":4,"column":43}},"3":{"start":{"line":4,"column":22},"end":{"line":4,"column":43}},"4":{"start":{"line":6,"column":13},"end":{"line":10,"column":3}},"5":{"start":{"line":7,"column":16},"end":{"line":7,"column":53}},"6":{"start":{"line":9,"column":13},"end":{"line":9,"column":26}},"7":{"start":{"line":9,"column":33},"end":{"line":9,"column":50}}},"fnMap":{"0":{"name":"(anonymous_0)","decl":{"start":{"line":4,"column":16},"end":{"line":4,"column":21}},"loc":{"start":{"line":4,"column":16},"end":{"line":4,"column":43}}},"1":{"name":"(anonymous_1)","decl":{"start":{"line":7,"column":10},"end":{"line":7,"column":15}},"loc":{"start":{"line":7,"column":10},"end":{"line":7,"column":54}}},"2":{"name":"(anonymous_2)","decl":{"start":{"line":7,"column":16},"end":{"line":7,"column":22}},"loc":{"start":{"line":7,"column":16},"end":{"line":7,"column":53}}},"3":{"name":"(anonymous_3)","decl":{"start":{"line":9,"column":10},"end":{"line":9,"column":10}},"loc":{"start":{"line":9,"column":28},"end":{"line":9,"column":50}}}},"branchMap":{},"s":{"0":1,"1":1,"2":1,"3":0,"4":1,"5":0,"6":0,"7":0},"f":{"0":0,"1":0,"2":0,"3":0},"b":{}}
,"/Users/michaelcorrigan/Code/seed_app/src/routes/home/components/Home/index.tsx": {"path":"/Users/michaelcorrigan/Code/seed_app/src/routes/home/components/Home/index.tsx","statementMap":{"0":{"start":{"line":1,"column":0},"end":{"line":1,"column":30}},"1":{"start":{"line":3,"column":0},"end":{"line":3,"column":50}},"2":{"start":{"line":3,"column":35},"end":{"line":3,"column":58}},"3":{"start":{"line":4,"column":2},"end":{"line":6,"column":3}},"4":{"start":{"line":5,"column":4},"end":{"line":5,"column":33}},"5":{"start":{"line":7,"column":0},"end":{"line":7,"column":1}},"6":{"start":{"line":3,"column":13},"end":{"line":3,"column":26}}},"fnMap":{"0":{"name":"(anonymous_5)","decl":{"start":{"line":3,"column":0},"end":{"line":null,"column":-1}},"loc":{"start":{"line":3,"column":0},"end":{"line":3,"column":-1}}},"1":{"name":"(anonymous_7)","decl":{"start":{"line":4,"column":2},"end":{"line":null,"column":-1}},"loc":{"start":{"line":4,"column":2},"end":{"line":6,"column":3}}}},"branchMap":{},"s":{"0":1,"1":1,"2":1,"3":1,"4":1,"5":1,"6":1},"f":{"0":2,"1":1},"b":{}}
,"/Users/michaelcorrigan/Code/seed_app/src/routes/home/module/actions.ts": {"path":"/Users/michaelcorrigan/Code/seed_app/src/routes/home/module/actions.ts","statementMap":{"0":{"start":{"line":1,"column":0},"end":{"line":1,"column":46}},"1":{"start":{"line":3,"column":0},"end":{"line":5,"column":1}},"2":{"start":{"line":4,"column":15},"end":{"line":4,"column":52}},"3":{"start":{"line":7,"column":13},"end":{"line":9,"column":2}},"4":{"start":{"line":8,"column":34},"end":{"line":8,"column":79}}},"fnMap":{"0":{"name":"(anonymous_0)","decl":{"start":{"line":3,"column":0},"end":{"line":3,"column":16}},"loc":{"start":{"line":3,"column":28},"end":{"line":5,"column":1}}},"1":{"name":"(anonymous_1)","decl":{"start":{"line":8,"column":15},"end":{"line":8,"column":15}},"loc":{"start":{"line":8,"column":29},"end":{"line":8,"column":79}}}},"branchMap":{"0":{"loc":{"start":{"line":3,"column":17},"end":{"line":3,"column":28}},"type":"binary-expr","locations":[{"start":{"line":3,"column":17},"end":{"line":3,"column":28}},{"start":{"line":3,"column":17},"end":{"line":3,"column":28}}]}},"s":{"0":2,"1":2,"2":2,"3":2,"4":1},"f":{"0":2,"1":1},"b":{"0":[2,2]}}
,"/Users/michaelcorrigan/Code/seed_app/src/routes/home/module/reducer.ts": {"path":"/Users/michaelcorrigan/Code/seed_app/src/routes/home/module/reducer.ts","statementMap":{"0":{"start":{"line":5,"column":0},"end":{"line":5,"column":39}},"1":{"start":{"line":11,"column":32},"end":{"line":11,"column":49}},"2":{"start":{"line":13,"column":13},"end":{"line":20,"column":2}},"3":{"start":{"line":13,"column":57},"end":{"line":13,"column":77}},"4":{"start":{"line":14,"column":2},"end":{"line":19,"column":3}},"5":{"start":{"line":16,"column":6},"end":{"line":16,"column":49}},"6":{"start":{"line":18,"column":6},"end":{"line":18,"column":19}},"7":{"start":{"line":22,"column":13},"end":{"line":22,"column":40}}},"fnMap":{"0":{"name":"(anonymous_1)","decl":{"start":{"line":13,"column":56},"end":{"line":13,"column":56}},"loc":{"start":{"line":13,"column":85},"end":{"line":20,"column":1}}}},"branchMap":{"0":{"loc":{"start":{"line":13,"column":57},"end":{"line":13,"column":77}},"type":"if","locations":[{"start":{"line":13,"column":57},"end":{"line":13,"column":77}},{"start":{"line":13,"column":57},"end":{"line":13,"column":77}}]},"1":{"loc":{"start":{"line":15,"column":4},"end":{"line":16,"column":49}},"type":"switch","locations":[{"start":{"line":15,"column":4},"end":{"line":16,"column":49}},{"start":{"line":17,"column":4},"end":{"line":18,"column":19}}]}},"s":{"0":1,"1":1,"2":1,"3":4,"4":3,"5":1,"6":2,"7":1},"f":{"0":3},"b":{"0":[1,2],"1":[1,2]}}
}
