TN:
SF:/Users/michaelcorrigan/Code/seed_app/src/routes/home/index.tsx
FN:4,(anonymous_0)
FN:7,(anonymous_1)
FN:7,(anonymous_2)
FN:9,(anonymous_3)
FNF:4
FNH:0
FNDA:0,(anonymous_0)
FNDA:0,(anonymous_1)
FNDA:0,(anonymous_2)
FNDA:0,(anonymous_3)
DA:1,1
DA:2,1
DA:4,1
DA:6,1
DA:7,0
DA:9,0
LF:6
LH:4
BRF:0
BRH:0
end_of_record
TN:
SF:/Users/michaelcorrigan/Code/seed_app/src/routes/home/components/Home/index.tsx
FN:3,(anonymous_5)
FN:4,(anonymous_7)
FNF:2
FNH:2
FNDA:2,(anonymous_5)
FNDA:1,(anonymous_7)
DA:1,1
DA:3,1
DA:4,1
DA:5,1
DA:7,1
LF:5
LH:5
BRF:0
BRH:0
end_of_record
TN:
SF:/Users/michaelcorrigan/Code/seed_app/src/routes/home/module/actions.ts
FN:3,(anonymous_0)
FN:8,(anonymous_1)
FNF:2
FNH:2
FNDA:2,(anonymous_0)
FNDA:1,(anonymous_1)
DA:1,2
DA:3,2
DA:4,2
DA:7,2
DA:8,1
LF:5
LH:5
BRDA:3,0,0,2
BRDA:3,0,1,2
BRF:2
BRH:2
end_of_record
TN:
SF:/Users/michaelcorrigan/Code/seed_app/src/routes/home/module/reducer.ts
FN:13,(anonymous_1)
FNF:1
FNH:1
FNDA:3,(anonymous_1)
DA:5,1
DA:11,1
DA:13,4
DA:14,3
DA:16,1
DA:18,2
DA:22,1
LF:7
LH:7
BRDA:13,0,0,1
BRDA:13,0,1,2
BRDA:15,1,0,1
BRDA:15,1,1,2
BRF:4
BRH:4
end_of_record
